[main] INFO  commonUtils.RestLogger  - ********************************************************************************
[main] INFO  commonUtils.RestLogger  - ********************************************************************************
[main] INFO  commonUtils.RestLogger  - $$$$$$$$$$$$$$$$$$$$$$        Verify Create Repo API       $$$$$$$$$$$$$$$$$$$$$$$
[main] INFO  commonUtils.RestLogger  - ********************************************************************************
[main] INFO  commonUtils.RestLogger  - ********************************************************************************
[main] INFO  commonUtils.RestLogger  - Base URI is - https://api.github.com
[main] INFO  commonUtils.RestLogger  - Resource Path is - /user/repos
[main] INFO  commonUtils.RestLogger  - Request Payload is - {
  "name" : "Test-Repo1",
  "description" : "This is Data Driven Test Repo 1"
}
[main] INFO  commonUtils.RestLogger  - Response of Request is - {"id":807763135,"node_id":"R_kgDOMCV8vw","name":"Test-Repo1","full_name":"ErikAPIdummy/Test-Repo1","private":false,"owner":{"login":"ErikAPIdummy","id":166170004,"node_id":"U_kgDOCeeNlA","avatar_url":"https://avatars.githubusercontent.com/u/166170004?v=4","gravatar_id":"","url":"https://api.github.com/users/ErikAPIdummy","html_url":"https://github.com/ErikAPIdummy","followers_url":"https://api.github.com/users/ErikAPIdummy/followers","following_url":"https://api.github.com/users/ErikAPIdummy/following{/other_user}","gists_url":"https://api.github.com/users/ErikAPIdummy/gists{/gist_id}","starred_url":"https://api.github.com/users/ErikAPIdummy/starred{/owner}{/repo}","subscriptions_url":"https://api.github.com/users/ErikAPIdummy/subscriptions","organizations_url":"https://api.github.com/users/ErikAPIdummy/orgs","repos_url":"https://api.github.com/users/ErikAPIdummy/repos","events_url":"https://api.github.com/users/ErikAPIdummy/events{/privacy}","received_events_url":"https://api.github.com/users/ErikAPIdummy/received_events","type":"User","site_admin":false},"html_url":"https://github.com/ErikAPIdummy/Test-Repo1","description":"This is Data Driven Test Repo 1","fork":false,"url":"https://api.github.com/repos/ErikAPIdummy/Test-Repo1","forks_url":"https://api.github.com/repos/ErikAPIdummy/Test-Repo1/forks","keys_url":"https://api.github.com/repos/ErikAPIdummy/Test-Repo1/keys{/key_id}","collaborators_url":"https://api.github.com/repos/ErikAPIdummy/Test-Repo1/collaborators{/collaborator}","teams_url":"https://api.github.com/repos/ErikAPIdummy/Test-Repo1/teams","hooks_url":"https://api.github.com/repos/ErikAPIdummy/Test-Repo1/hooks","issue_events_url":"https://api.github.com/repos/ErikAPIdummy/Test-Repo1/issues/events{/number}","events_url":"https://api.github.com/repos/ErikAPIdummy/Test-Repo1/events","assignees_url":"https://api.github.com/repos/ErikAPIdummy/Test-Repo1/assignees{/user}","branches_url":"https://api.github.com/repos/ErikAPIdummy/Test-Repo1/branches{/branch}","tags_url":"https://api.github.com/repos/ErikAPIdummy/Test-Repo1/tags","blobs_url":"https://api.github.com/repos/ErikAPIdummy/Test-Repo1/git/blobs{/sha}","git_tags_url":"https://api.github.com/repos/ErikAPIdummy/Test-Repo1/git/tags{/sha}","git_refs_url":"https://api.github.com/repos/ErikAPIdummy/Test-Repo1/git/refs{/sha}","trees_url":"https://api.github.com/repos/ErikAPIdummy/Test-Repo1/git/trees{/sha}","statuses_url":"https://api.github.com/repos/ErikAPIdummy/Test-Repo1/statuses/{sha}","languages_url":"https://api.github.com/repos/ErikAPIdummy/Test-Repo1/languages","stargazers_url":"https://api.github.com/repos/ErikAPIdummy/Test-Repo1/stargazers","contributors_url":"https://api.github.com/repos/ErikAPIdummy/Test-Repo1/contributors","subscribers_url":"https://api.github.com/repos/ErikAPIdummy/Test-Repo1/subscribers","subscription_url":"https://api.github.com/repos/ErikAPIdummy/Test-Repo1/subscription","commits_url":"https://api.github.com/repos/ErikAPIdummy/Test-Repo1/commits{/sha}","git_commits_url":"https://api.github.com/repos/ErikAPIdummy/Test-Repo1/git/commits{/sha}","comments_url":"https://api.github.com/repos/ErikAPIdummy/Test-Repo1/comments{/number}","issue_comment_url":"https://api.github.com/repos/ErikAPIdummy/Test-Repo1/issues/comments{/number}","contents_url":"https://api.github.com/repos/ErikAPIdummy/Test-Repo1/contents/{+path}","compare_url":"https://api.github.com/repos/ErikAPIdummy/Test-Repo1/compare/{base}...{head}","merges_url":"https://api.github.com/repos/ErikAPIdummy/Test-Repo1/merges","archive_url":"https://api.github.com/repos/ErikAPIdummy/Test-Repo1/{archive_format}{/ref}","downloads_url":"https://api.github.com/repos/ErikAPIdummy/Test-Repo1/downloads","issues_url":"https://api.github.com/repos/ErikAPIdummy/Test-Repo1/issues{/number}","pulls_url":"https://api.github.com/repos/ErikAPIdummy/Test-Repo1/pulls{/number}","milestones_url":"https://api.github.com/repos/ErikAPIdummy/Test-Repo1/milestones{/number}","notifications_url":"https://api.github.com/repos/ErikAPIdummy/Test-Repo1/notifications{?since,all,participating}","labels_url":"https://api.github.com/repos/ErikAPIdummy/Test-Repo1/labels{/name}","releases_url":"https://api.github.com/repos/ErikAPIdummy/Test-Repo1/releases{/id}","deployments_url":"https://api.github.com/repos/ErikAPIdummy/Test-Repo1/deployments","created_at":"2024-05-29T18:08:47Z","updated_at":"2024-05-29T18:08:48Z","pushed_at":"2024-05-29T18:08:48Z","git_url":"git://github.com/ErikAPIdummy/Test-Repo1.git","ssh_url":"git@github.com:ErikAPIdummy/Test-Repo1.git","clone_url":"https://github.com/ErikAPIdummy/Test-Repo1.git","svn_url":"https://github.com/ErikAPIdummy/Test-Repo1","homepage":null,"size":0,"stargazers_count":0,"watchers_count":0,"language":null,"has_issues":true,"has_projects":true,"has_downloads":true,"has_wiki":true,"has_pages":false,"has_discussions":false,"forks_count":0,"mirror_url":null,"archived":false,"disabled":false,"open_issues_count":0,"license":null,"allow_forking":true,"is_template":false,"web_commit_signoff_required":false,"topics":[],"visibility":"public","forks":0,"open_issues":0,"watchers":0,"default_branch":"main","permissions":{"admin":true,"maintain":true,"push":true,"triage":true,"pull":true},"allow_squash_merge":true,"allow_merge_commit":true,"allow_rebase_merge":true,"allow_auto_merge":false,"delete_branch_on_merge":false,"allow_update_branch":false,"use_squash_pr_title_as_default":false,"squash_merge_commit_message":"COMMIT_MESSAGES","squash_merge_commit_title":"COMMIT_OR_PR_TITLE","merge_commit_message":"PR_TITLE","merge_commit_title":"MERGE_MESSAGE","network_count":0,"subscribers_count":0}
[main] INFO  commonUtils.RestLogger  - Status code verification is Done!
[main] INFO  commonUtils.RestLogger  - Actual Repo Name - Test-Repo1
[main] INFO  commonUtils.RestLogger  - Expected Repo Name - Test-Repo1
[main] INFO  commonUtils.RestLogger  - Actual Repo Description - This is Data Driven Test Repo 1
[main] INFO  commonUtils.RestLogger  - Expected Repo Description - This is Data Driven Test Repo 1
[main] INFO  commonUtils.RestLogger  - XXXXXXXXXXXXXX            E--N--D         XXXXXXXXXXXXXX
[main] INFO  commonUtils.RestLogger  - XXXXXXXXXXXXXX*************************************XXXXXXXXXXXXXX
[main] INFO  commonUtils.RestLogger  - XXXXXXXXXXXXXX*************************************XXXXXXXXXXXXXX
[main] INFO  commonUtils.RestLogger  - X
[main] INFO  commonUtils.RestLogger  - X
[main] INFO  commonUtils.RestLogger  - X
[main] INFO  commonUtils.RestLogger  - ********************************************************************************
[main] INFO  commonUtils.RestLogger  - ********************************************************************************
[main] INFO  commonUtils.RestLogger  - $$$$$$$$$$$$$$$$$$$$$$        Verify Create Repo API       $$$$$$$$$$$$$$$$$$$$$$$
[main] INFO  commonUtils.RestLogger  - ********************************************************************************
[main] INFO  commonUtils.RestLogger  - ********************************************************************************
[main] INFO  commonUtils.RestLogger  - Base URI is - https://api.github.com
[main] INFO  commonUtils.RestLogger  - Resource Path is - /user/repos
[main] INFO  commonUtils.RestLogger  - Request Payload is - {
  "name" : "Test-Repo2",
  "description" : "This is Data Driven Test Repo 2"
}
[main] INFO  commonUtils.RestLogger  - Response of Request is - {"id":807763157,"node_id":"R_kgDOMCV81Q","name":"Test-Repo2","full_name":"ErikAPIdummy/Test-Repo2","private":false,"owner":{"login":"ErikAPIdummy","id":166170004,"node_id":"U_kgDOCeeNlA","avatar_url":"https://avatars.githubusercontent.com/u/166170004?v=4","gravatar_id":"","url":"https://api.github.com/users/ErikAPIdummy","html_url":"https://github.com/ErikAPIdummy","followers_url":"https://api.github.com/users/ErikAPIdummy/followers","following_url":"https://api.github.com/users/ErikAPIdummy/following{/other_user}","gists_url":"https://api.github.com/users/ErikAPIdummy/gists{/gist_id}","starred_url":"https://api.github.com/users/ErikAPIdummy/starred{/owner}{/repo}","subscriptions_url":"https://api.github.com/users/ErikAPIdummy/subscriptions","organizations_url":"https://api.github.com/users/ErikAPIdummy/orgs","repos_url":"https://api.github.com/users/ErikAPIdummy/repos","events_url":"https://api.github.com/users/ErikAPIdummy/events{/privacy}","received_events_url":"https://api.github.com/users/ErikAPIdummy/received_events","type":"User","site_admin":false},"html_url":"https://github.com/ErikAPIdummy/Test-Repo2","description":"This is Data Driven Test Repo 2","fork":false,"url":"https://api.github.com/repos/ErikAPIdummy/Test-Repo2","forks_url":"https://api.github.com/repos/ErikAPIdummy/Test-Repo2/forks","keys_url":"https://api.github.com/repos/ErikAPIdummy/Test-Repo2/keys{/key_id}","collaborators_url":"https://api.github.com/repos/ErikAPIdummy/Test-Repo2/collaborators{/collaborator}","teams_url":"https://api.github.com/repos/ErikAPIdummy/Test-Repo2/teams","hooks_url":"https://api.github.com/repos/ErikAPIdummy/Test-Repo2/hooks","issue_events_url":"https://api.github.com/repos/ErikAPIdummy/Test-Repo2/issues/events{/number}","events_url":"https://api.github.com/repos/ErikAPIdummy/Test-Repo2/events","assignees_url":"https://api.github.com/repos/ErikAPIdummy/Test-Repo2/assignees{/user}","branches_url":"https://api.github.com/repos/ErikAPIdummy/Test-Repo2/branches{/branch}","tags_url":"https://api.github.com/repos/ErikAPIdummy/Test-Repo2/tags","blobs_url":"https://api.github.com/repos/ErikAPIdummy/Test-Repo2/git/blobs{/sha}","git_tags_url":"https://api.github.com/repos/ErikAPIdummy/Test-Repo2/git/tags{/sha}","git_refs_url":"https://api.github.com/repos/ErikAPIdummy/Test-Repo2/git/refs{/sha}","trees_url":"https://api.github.com/repos/ErikAPIdummy/Test-Repo2/git/trees{/sha}","statuses_url":"https://api.github.com/repos/ErikAPIdummy/Test-Repo2/statuses/{sha}","languages_url":"https://api.github.com/repos/ErikAPIdummy/Test-Repo2/languages","stargazers_url":"https://api.github.com/repos/ErikAPIdummy/Test-Repo2/stargazers","contributors_url":"https://api.github.com/repos/ErikAPIdummy/Test-Repo2/contributors","subscribers_url":"https://api.github.com/repos/ErikAPIdummy/Test-Repo2/subscribers","subscription_url":"https://api.github.com/repos/ErikAPIdummy/Test-Repo2/subscription","commits_url":"https://api.github.com/repos/ErikAPIdummy/Test-Repo2/commits{/sha}","git_commits_url":"https://api.github.com/repos/ErikAPIdummy/Test-Repo2/git/commits{/sha}","comments_url":"https://api.github.com/repos/ErikAPIdummy/Test-Repo2/comments{/number}","issue_comment_url":"https://api.github.com/repos/ErikAPIdummy/Test-Repo2/issues/comments{/number}","contents_url":"https://api.github.com/repos/ErikAPIdummy/Test-Repo2/contents/{+path}","compare_url":"https://api.github.com/repos/ErikAPIdummy/Test-Repo2/compare/{base}...{head}","merges_url":"https://api.github.com/repos/ErikAPIdummy/Test-Repo2/merges","archive_url":"https://api.github.com/repos/ErikAPIdummy/Test-Repo2/{archive_format}{/ref}","downloads_url":"https://api.github.com/repos/ErikAPIdummy/Test-Repo2/downloads","issues_url":"https://api.github.com/repos/ErikAPIdummy/Test-Repo2/issues{/number}","pulls_url":"https://api.github.com/repos/ErikAPIdummy/Test-Repo2/pulls{/number}","milestones_url":"https://api.github.com/repos/ErikAPIdummy/Test-Repo2/milestones{/number}","notifications_url":"https://api.github.com/repos/ErikAPIdummy/Test-Repo2/notifications{?since,all,participating}","labels_url":"https://api.github.com/repos/ErikAPIdummy/Test-Repo2/labels{/name}","releases_url":"https://api.github.com/repos/ErikAPIdummy/Test-Repo2/releases{/id}","deployments_url":"https://api.github.com/repos/ErikAPIdummy/Test-Repo2/deployments","created_at":"2024-05-29T18:08:50Z","updated_at":"2024-05-29T18:08:50Z","pushed_at":"2024-05-29T18:08:50Z","git_url":"git://github.com/ErikAPIdummy/Test-Repo2.git","ssh_url":"git@github.com:ErikAPIdummy/Test-Repo2.git","clone_url":"https://github.com/ErikAPIdummy/Test-Repo2.git","svn_url":"https://github.com/ErikAPIdummy/Test-Repo2","homepage":null,"size":0,"stargazers_count":0,"watchers_count":0,"language":null,"has_issues":true,"has_projects":true,"has_downloads":true,"has_wiki":true,"has_pages":false,"has_discussions":false,"forks_count":0,"mirror_url":null,"archived":false,"disabled":false,"open_issues_count":0,"license":null,"allow_forking":true,"is_template":false,"web_commit_signoff_required":false,"topics":[],"visibility":"public","forks":0,"open_issues":0,"watchers":0,"default_branch":"main","permissions":{"admin":true,"maintain":true,"push":true,"triage":true,"pull":true},"allow_squash_merge":true,"allow_merge_commit":true,"allow_rebase_merge":true,"allow_auto_merge":false,"delete_branch_on_merge":false,"allow_update_branch":false,"use_squash_pr_title_as_default":false,"squash_merge_commit_message":"COMMIT_MESSAGES","squash_merge_commit_title":"COMMIT_OR_PR_TITLE","merge_commit_message":"PR_TITLE","merge_commit_title":"MERGE_MESSAGE","network_count":0,"subscribers_count":0}
[main] INFO  commonUtils.RestLogger  - Status code verification is Done!
[main] INFO  commonUtils.RestLogger  - Actual Repo Name - Test-Repo2
[main] INFO  commonUtils.RestLogger  - Expected Repo Name - Test-Repo2
[main] INFO  commonUtils.RestLogger  - Actual Repo Description - This is Data Driven Test Repo 2
[main] INFO  commonUtils.RestLogger  - Expected Repo Description - This is Data Driven Test Repo 2
[main] INFO  commonUtils.RestLogger  - XXXXXXXXXXXXXX            E--N--D         XXXXXXXXXXXXXX
[main] INFO  commonUtils.RestLogger  - XXXXXXXXXXXXXX*************************************XXXXXXXXXXXXXX
[main] INFO  commonUtils.RestLogger  - XXXXXXXXXXXXXX*************************************XXXXXXXXXXXXXX
[main] INFO  commonUtils.RestLogger  - X
[main] INFO  commonUtils.RestLogger  - X
[main] INFO  commonUtils.RestLogger  - X
[main] INFO  commonUtils.RestLogger  - ********************************************************************************
[main] INFO  commonUtils.RestLogger  - ********************************************************************************
[main] INFO  commonUtils.RestLogger  - $$$$$$$$$$$$$$$$$$$$$$        Verify Create Repo API       $$$$$$$$$$$$$$$$$$$$$$$
[main] INFO  commonUtils.RestLogger  - ********************************************************************************
[main] INFO  commonUtils.RestLogger  - ********************************************************************************
[main] INFO  commonUtils.RestLogger  - Base URI is - https://api.github.com
[main] INFO  commonUtils.RestLogger  - Resource Path is - /user/repos
[main] INFO  commonUtils.RestLogger  - Request Payload is - {
  "name" : "Test-Repo3",
  "description" : "This is Data Driven Test Repo 3"
}
[main] INFO  commonUtils.RestLogger  - Response of Request is - {"id":807763167,"node_id":"R_kgDOMCV83w","name":"Test-Repo3","full_name":"ErikAPIdummy/Test-Repo3","private":false,"owner":{"login":"ErikAPIdummy","id":166170004,"node_id":"U_kgDOCeeNlA","avatar_url":"https://avatars.githubusercontent.com/u/166170004?v=4","gravatar_id":"","url":"https://api.github.com/users/ErikAPIdummy","html_url":"https://github.com/ErikAPIdummy","followers_url":"https://api.github.com/users/ErikAPIdummy/followers","following_url":"https://api.github.com/users/ErikAPIdummy/following{/other_user}","gists_url":"https://api.github.com/users/ErikAPIdummy/gists{/gist_id}","starred_url":"https://api.github.com/users/ErikAPIdummy/starred{/owner}{/repo}","subscriptions_url":"https://api.github.com/users/ErikAPIdummy/subscriptions","organizations_url":"https://api.github.com/users/ErikAPIdummy/orgs","repos_url":"https://api.github.com/users/ErikAPIdummy/repos","events_url":"https://api.github.com/users/ErikAPIdummy/events{/privacy}","received_events_url":"https://api.github.com/users/ErikAPIdummy/received_events","type":"User","site_admin":false},"html_url":"https://github.com/ErikAPIdummy/Test-Repo3","description":"This is Data Driven Test Repo 3","fork":false,"url":"https://api.github.com/repos/ErikAPIdummy/Test-Repo3","forks_url":"https://api.github.com/repos/ErikAPIdummy/Test-Repo3/forks","keys_url":"https://api.github.com/repos/ErikAPIdummy/Test-Repo3/keys{/key_id}","collaborators_url":"https://api.github.com/repos/ErikAPIdummy/Test-Repo3/collaborators{/collaborator}","teams_url":"https://api.github.com/repos/ErikAPIdummy/Test-Repo3/teams","hooks_url":"https://api.github.com/repos/ErikAPIdummy/Test-Repo3/hooks","issue_events_url":"https://api.github.com/repos/ErikAPIdummy/Test-Repo3/issues/events{/number}","events_url":"https://api.github.com/repos/ErikAPIdummy/Test-Repo3/events","assignees_url":"https://api.github.com/repos/ErikAPIdummy/Test-Repo3/assignees{/user}","branches_url":"https://api.github.com/repos/ErikAPIdummy/Test-Repo3/branches{/branch}","tags_url":"https://api.github.com/repos/ErikAPIdummy/Test-Repo3/tags","blobs_url":"https://api.github.com/repos/ErikAPIdummy/Test-Repo3/git/blobs{/sha}","git_tags_url":"https://api.github.com/repos/ErikAPIdummy/Test-Repo3/git/tags{/sha}","git_refs_url":"https://api.github.com/repos/ErikAPIdummy/Test-Repo3/git/refs{/sha}","trees_url":"https://api.github.com/repos/ErikAPIdummy/Test-Repo3/git/trees{/sha}","statuses_url":"https://api.github.com/repos/ErikAPIdummy/Test-Repo3/statuses/{sha}","languages_url":"https://api.github.com/repos/ErikAPIdummy/Test-Repo3/languages","stargazers_url":"https://api.github.com/repos/ErikAPIdummy/Test-Repo3/stargazers","contributors_url":"https://api.github.com/repos/ErikAPIdummy/Test-Repo3/contributors","subscribers_url":"https://api.github.com/repos/ErikAPIdummy/Test-Repo3/subscribers","subscription_url":"https://api.github.com/repos/ErikAPIdummy/Test-Repo3/subscription","commits_url":"https://api.github.com/repos/ErikAPIdummy/Test-Repo3/commits{/sha}","git_commits_url":"https://api.github.com/repos/ErikAPIdummy/Test-Repo3/git/commits{/sha}","comments_url":"https://api.github.com/repos/ErikAPIdummy/Test-Repo3/comments{/number}","issue_comment_url":"https://api.github.com/repos/ErikAPIdummy/Test-Repo3/issues/comments{/number}","contents_url":"https://api.github.com/repos/ErikAPIdummy/Test-Repo3/contents/{+path}","compare_url":"https://api.github.com/repos/ErikAPIdummy/Test-Repo3/compare/{base}...{head}","merges_url":"https://api.github.com/repos/ErikAPIdummy/Test-Repo3/merges","archive_url":"https://api.github.com/repos/ErikAPIdummy/Test-Repo3/{archive_format}{/ref}","downloads_url":"https://api.github.com/repos/ErikAPIdummy/Test-Repo3/downloads","issues_url":"https://api.github.com/repos/ErikAPIdummy/Test-Repo3/issues{/number}","pulls_url":"https://api.github.com/repos/ErikAPIdummy/Test-Repo3/pulls{/number}","milestones_url":"https://api.github.com/repos/ErikAPIdummy/Test-Repo3/milestones{/number}","notifications_url":"https://api.github.com/repos/ErikAPIdummy/Test-Repo3/notifications{?since,all,participating}","labels_url":"https://api.github.com/repos/ErikAPIdummy/Test-Repo3/labels{/name}","releases_url":"https://api.github.com/repos/ErikAPIdummy/Test-Repo3/releases{/id}","deployments_url":"https://api.github.com/repos/ErikAPIdummy/Test-Repo3/deployments","created_at":"2024-05-29T18:08:51Z","updated_at":"2024-05-29T18:08:52Z","pushed_at":"2024-05-29T18:08:51Z","git_url":"git://github.com/ErikAPIdummy/Test-Repo3.git","ssh_url":"git@github.com:ErikAPIdummy/Test-Repo3.git","clone_url":"https://github.com/ErikAPIdummy/Test-Repo3.git","svn_url":"https://github.com/ErikAPIdummy/Test-Repo3","homepage":null,"size":0,"stargazers_count":0,"watchers_count":0,"language":null,"has_issues":true,"has_projects":true,"has_downloads":true,"has_wiki":true,"has_pages":false,"has_discussions":false,"forks_count":0,"mirror_url":null,"archived":false,"disabled":false,"open_issues_count":0,"license":null,"allow_forking":true,"is_template":false,"web_commit_signoff_required":false,"topics":[],"visibility":"public","forks":0,"open_issues":0,"watchers":0,"default_branch":"main","permissions":{"admin":true,"maintain":true,"push":true,"triage":true,"pull":true},"allow_squash_merge":true,"allow_merge_commit":true,"allow_rebase_merge":true,"allow_auto_merge":false,"delete_branch_on_merge":false,"allow_update_branch":false,"use_squash_pr_title_as_default":false,"squash_merge_commit_message":"COMMIT_MESSAGES","squash_merge_commit_title":"COMMIT_OR_PR_TITLE","merge_commit_message":"PR_TITLE","merge_commit_title":"MERGE_MESSAGE","network_count":0,"subscribers_count":0}
[main] INFO  commonUtils.RestLogger  - Status code verification is Done!
[main] INFO  commonUtils.RestLogger  - Actual Repo Name - Test-Repo3
[main] INFO  commonUtils.RestLogger  - Expected Repo Name - Test-Repo3
[main] INFO  commonUtils.RestLogger  - Actual Repo Description - This is Data Driven Test Repo 3
[main] INFO  commonUtils.RestLogger  - Expected Repo Description - This is Data Driven Test Repo 3
[main] INFO  commonUtils.RestLogger  - XXXXXXXXXXXXXX            E--N--D         XXXXXXXXXXXXXX
[main] INFO  commonUtils.RestLogger  - XXXXXXXXXXXXXX*************************************XXXXXXXXXXXXXX
[main] INFO  commonUtils.RestLogger  - XXXXXXXXXXXXXX*************************************XXXXXXXXXXXXXX
[main] INFO  commonUtils.RestLogger  - X
[main] INFO  commonUtils.RestLogger  - X
[main] INFO  commonUtils.RestLogger  - X
[main] INFO  commonUtils.RestLogger  - ********************************************************************************
[main] INFO  commonUtils.RestLogger  - ********************************************************************************
[main] INFO  commonUtils.RestLogger  - $$$$$$$$$$$$$$$$$$$$$$        Verify Delete Repo API       $$$$$$$$$$$$$$$$$$$$$$$
[main] INFO  commonUtils.RestLogger  - ********************************************************************************
[main] INFO  commonUtils.RestLogger  - ********************************************************************************
[main] INFO  commonUtils.RestLogger  - Delete URI is - https://api.github.com/repos/ErikAPIdummy/Test-Repo1
[main] INFO  commonUtils.RestLogger  - Delete Request Status code - 204
[main] INFO  commonUtils.RestLogger  - Status code verification is Done!
[main] INFO  commonUtils.RestLogger  - XXXXXXXXXXXXXX            E--N--D         XXXXXXXXXXXXXX
[main] INFO  commonUtils.RestLogger  - XXXXXXXXXXXXXX*************************************XXXXXXXXXXXXXX
[main] INFO  commonUtils.RestLogger  - XXXXXXXXXXXXXX*************************************XXXXXXXXXXXXXX
[main] INFO  commonUtils.RestLogger  - X
[main] INFO  commonUtils.RestLogger  - X
[main] INFO  commonUtils.RestLogger  - X
[main] INFO  commonUtils.RestLogger  - ********************************************************************************
[main] INFO  commonUtils.RestLogger  - ********************************************************************************
[main] INFO  commonUtils.RestLogger  - $$$$$$$$$$$$$$$$$$$$$$        Verify Delete Repo API       $$$$$$$$$$$$$$$$$$$$$$$
[main] INFO  commonUtils.RestLogger  - ********************************************************************************
[main] INFO  commonUtils.RestLogger  - ********************************************************************************
[main] INFO  commonUtils.RestLogger  - Delete URI is - https://api.github.com/repos/ErikAPIdummy/Test-Repo2
[main] INFO  commonUtils.RestLogger  - Delete Request Status code - 204
[main] INFO  commonUtils.RestLogger  - Status code verification is Done!
[main] INFO  commonUtils.RestLogger  - XXXXXXXXXXXXXX            E--N--D         XXXXXXXXXXXXXX
[main] INFO  commonUtils.RestLogger  - XXXXXXXXXXXXXX*************************************XXXXXXXXXXXXXX
[main] INFO  commonUtils.RestLogger  - XXXXXXXXXXXXXX*************************************XXXXXXXXXXXXXX
[main] INFO  commonUtils.RestLogger  - X
[main] INFO  commonUtils.RestLogger  - X
[main] INFO  commonUtils.RestLogger  - X
[main] INFO  commonUtils.RestLogger  - ********************************************************************************
[main] INFO  commonUtils.RestLogger  - ********************************************************************************
[main] INFO  commonUtils.RestLogger  - $$$$$$$$$$$$$$$$$$$$$$        Verify Delete Repo API       $$$$$$$$$$$$$$$$$$$$$$$
[main] INFO  commonUtils.RestLogger  - ********************************************************************************
[main] INFO  commonUtils.RestLogger  - ********************************************************************************
[main] INFO  commonUtils.RestLogger  - Delete URI is - https://api.github.com/repos/ErikAPIdummy/Test-Repo3
[main] INFO  commonUtils.RestLogger  - Delete Request Status code - 204
[main] INFO  commonUtils.RestLogger  - Status code verification is Done!
[main] INFO  commonUtils.RestLogger  - XXXXXXXXXXXXXX            E--N--D         XXXXXXXXXXXXXX
[main] INFO  commonUtils.RestLogger  - XXXXXXXXXXXXXX*************************************XXXXXXXXXXXXXX
[main] INFO  commonUtils.RestLogger  - XXXXXXXXXXXXXX*************************************XXXXXXXXXXXXXX
[main] INFO  commonUtils.RestLogger  - X
[main] INFO  commonUtils.RestLogger  - X
[main] INFO  commonUtils.RestLogger  - X
[main] INFO  commonUtils.RestLogger  - ********************************************************************************
[main] INFO  commonUtils.RestLogger  - ********************************************************************************
[main] INFO  commonUtils.RestLogger  - $$$$$$$$$$$$$$$$$$$$$$        Verify Create Repo API       $$$$$$$$$$$$$$$$$$$$$$$
[main] INFO  commonUtils.RestLogger  - ********************************************************************************
[main] INFO  commonUtils.RestLogger  - ********************************************************************************
[main] INFO  commonUtils.RestLogger  - Base URI is - https://api.github.com
[main] INFO  commonUtils.RestLogger  - Resource Path is - /user/repos
[main] INFO  commonUtils.RestLogger  - Request Payload is - {
  "name" : "Test-Repo1",
  "description" : "This is Data Driven Test Repo 1"
}
[main] INFO  commonUtils.RestLogger  - Response of Request is - {"id":807763742,"node_id":"R_kgDOMCV_Hg","name":"Test-Repo1","full_name":"ErikAPIdummy/Test-Repo1","private":false,"owner":{"login":"ErikAPIdummy","id":166170004,"node_id":"U_kgDOCeeNlA","avatar_url":"https://avatars.githubusercontent.com/u/166170004?v=4","gravatar_id":"","url":"https://api.github.com/users/ErikAPIdummy","html_url":"https://github.com/ErikAPIdummy","followers_url":"https://api.github.com/users/ErikAPIdummy/followers","following_url":"https://api.github.com/users/ErikAPIdummy/following{/other_user}","gists_url":"https://api.github.com/users/ErikAPIdummy/gists{/gist_id}","starred_url":"https://api.github.com/users/ErikAPIdummy/starred{/owner}{/repo}","subscriptions_url":"https://api.github.com/users/ErikAPIdummy/subscriptions","organizations_url":"https://api.github.com/users/ErikAPIdummy/orgs","repos_url":"https://api.github.com/users/ErikAPIdummy/repos","events_url":"https://api.github.com/users/ErikAPIdummy/events{/privacy}","received_events_url":"https://api.github.com/users/ErikAPIdummy/received_events","type":"User","site_admin":false},"html_url":"https://github.com/ErikAPIdummy/Test-Repo1","description":"This is Data Driven Test Repo 1","fork":false,"url":"https://api.github.com/repos/ErikAPIdummy/Test-Repo1","forks_url":"https://api.github.com/repos/ErikAPIdummy/Test-Repo1/forks","keys_url":"https://api.github.com/repos/ErikAPIdummy/Test-Repo1/keys{/key_id}","collaborators_url":"https://api.github.com/repos/ErikAPIdummy/Test-Repo1/collaborators{/collaborator}","teams_url":"https://api.github.com/repos/ErikAPIdummy/Test-Repo1/teams","hooks_url":"https://api.github.com/repos/ErikAPIdummy/Test-Repo1/hooks","issue_events_url":"https://api.github.com/repos/ErikAPIdummy/Test-Repo1/issues/events{/number}","events_url":"https://api.github.com/repos/ErikAPIdummy/Test-Repo1/events","assignees_url":"https://api.github.com/repos/ErikAPIdummy/Test-Repo1/assignees{/user}","branches_url":"https://api.github.com/repos/ErikAPIdummy/Test-Repo1/branches{/branch}","tags_url":"https://api.github.com/repos/ErikAPIdummy/Test-Repo1/tags","blobs_url":"https://api.github.com/repos/ErikAPIdummy/Test-Repo1/git/blobs{/sha}","git_tags_url":"https://api.github.com/repos/ErikAPIdummy/Test-Repo1/git/tags{/sha}","git_refs_url":"https://api.github.com/repos/ErikAPIdummy/Test-Repo1/git/refs{/sha}","trees_url":"https://api.github.com/repos/ErikAPIdummy/Test-Repo1/git/trees{/sha}","statuses_url":"https://api.github.com/repos/ErikAPIdummy/Test-Repo1/statuses/{sha}","languages_url":"https://api.github.com/repos/ErikAPIdummy/Test-Repo1/languages","stargazers_url":"https://api.github.com/repos/ErikAPIdummy/Test-Repo1/stargazers","contributors_url":"https://api.github.com/repos/ErikAPIdummy/Test-Repo1/contributors","subscribers_url":"https://api.github.com/repos/ErikAPIdummy/Test-Repo1/subscribers","subscription_url":"https://api.github.com/repos/ErikAPIdummy/Test-Repo1/subscription","commits_url":"https://api.github.com/repos/ErikAPIdummy/Test-Repo1/commits{/sha}","git_commits_url":"https://api.github.com/repos/ErikAPIdummy/Test-Repo1/git/commits{/sha}","comments_url":"https://api.github.com/repos/ErikAPIdummy/Test-Repo1/comments{/number}","issue_comment_url":"https://api.github.com/repos/ErikAPIdummy/Test-Repo1/issues/comments{/number}","contents_url":"https://api.github.com/repos/ErikAPIdummy/Test-Repo1/contents/{+path}","compare_url":"https://api.github.com/repos/ErikAPIdummy/Test-Repo1/compare/{base}...{head}","merges_url":"https://api.github.com/repos/ErikAPIdummy/Test-Repo1/merges","archive_url":"https://api.github.com/repos/ErikAPIdummy/Test-Repo1/{archive_format}{/ref}","downloads_url":"https://api.github.com/repos/ErikAPIdummy/Test-Repo1/downloads","issues_url":"https://api.github.com/repos/ErikAPIdummy/Test-Repo1/issues{/number}","pulls_url":"https://api.github.com/repos/ErikAPIdummy/Test-Repo1/pulls{/number}","milestones_url":"https://api.github.com/repos/ErikAPIdummy/Test-Repo1/milestones{/number}","notifications_url":"https://api.github.com/repos/ErikAPIdummy/Test-Repo1/notifications{?since,all,participating}","labels_url":"https://api.github.com/repos/ErikAPIdummy/Test-Repo1/labels{/name}","releases_url":"https://api.github.com/repos/ErikAPIdummy/Test-Repo1/releases{/id}","deployments_url":"https://api.github.com/repos/ErikAPIdummy/Test-Repo1/deployments","created_at":"2024-05-29T18:10:20Z","updated_at":"2024-05-29T18:10:20Z","pushed_at":"2024-05-29T18:10:20Z","git_url":"git://github.com/ErikAPIdummy/Test-Repo1.git","ssh_url":"git@github.com:ErikAPIdummy/Test-Repo1.git","clone_url":"https://github.com/ErikAPIdummy/Test-Repo1.git","svn_url":"https://github.com/ErikAPIdummy/Test-Repo1","homepage":null,"size":0,"stargazers_count":0,"watchers_count":0,"language":null,"has_issues":true,"has_projects":true,"has_downloads":true,"has_wiki":true,"has_pages":false,"has_discussions":false,"forks_count":0,"mirror_url":null,"archived":false,"disabled":false,"open_issues_count":0,"license":null,"allow_forking":true,"is_template":false,"web_commit_signoff_required":false,"topics":[],"visibility":"public","forks":0,"open_issues":0,"watchers":0,"default_branch":"main","permissions":{"admin":true,"maintain":true,"push":true,"triage":true,"pull":true},"allow_squash_merge":true,"allow_merge_commit":true,"allow_rebase_merge":true,"allow_auto_merge":false,"delete_branch_on_merge":false,"allow_update_branch":false,"use_squash_pr_title_as_default":false,"squash_merge_commit_message":"COMMIT_MESSAGES","squash_merge_commit_title":"COMMIT_OR_PR_TITLE","merge_commit_message":"PR_TITLE","merge_commit_title":"MERGE_MESSAGE","network_count":0,"subscribers_count":0}
[main] INFO  commonUtils.RestLogger  - Status code verification is Done!
[main] INFO  commonUtils.RestLogger  - Actual Repo Name - Test-Repo1
[main] INFO  commonUtils.RestLogger  - Expected Repo Name - Test-Repo1
[main] INFO  commonUtils.RestLogger  - Actual Repo Description - This is Data Driven Test Repo 1
[main] INFO  commonUtils.RestLogger  - Expected Repo Description - This is Data Driven Test Repo 1
[main] INFO  commonUtils.RestLogger  - XXXXXXXXXXXXXX            E--N--D         XXXXXXXXXXXXXX
[main] INFO  commonUtils.RestLogger  - XXXXXXXXXXXXXX*************************************XXXXXXXXXXXXXX
[main] INFO  commonUtils.RestLogger  - XXXXXXXXXXXXXX*************************************XXXXXXXXXXXXXX
[main] INFO  commonUtils.RestLogger  - X
[main] INFO  commonUtils.RestLogger  - X
[main] INFO  commonUtils.RestLogger  - X
[main] INFO  commonUtils.RestLogger  - ********************************************************************************
[main] INFO  commonUtils.RestLogger  - ********************************************************************************
[main] INFO  commonUtils.RestLogger  - $$$$$$$$$$$$$$$$$$$$$$        Verify Create Repo API       $$$$$$$$$$$$$$$$$$$$$$$
[main] INFO  commonUtils.RestLogger  - ********************************************************************************
[main] INFO  commonUtils.RestLogger  - ********************************************************************************
[main] INFO  commonUtils.RestLogger  - Base URI is - https://api.github.com
[main] INFO  commonUtils.RestLogger  - Resource Path is - /user/repos
[main] INFO  commonUtils.RestLogger  - Request Payload is - {
  "name" : "Test-Repo2",
  "description" : "This is Data Driven Test Repo 2"
}
[main] INFO  commonUtils.RestLogger  - Response of Request is - {"id":807763763,"node_id":"R_kgDOMCV_Mw","name":"Test-Repo2","full_name":"ErikAPIdummy/Test-Repo2","private":false,"owner":{"login":"ErikAPIdummy","id":166170004,"node_id":"U_kgDOCeeNlA","avatar_url":"https://avatars.githubusercontent.com/u/166170004?v=4","gravatar_id":"","url":"https://api.github.com/users/ErikAPIdummy","html_url":"https://github.com/ErikAPIdummy","followers_url":"https://api.github.com/users/ErikAPIdummy/followers","following_url":"https://api.github.com/users/ErikAPIdummy/following{/other_user}","gists_url":"https://api.github.com/users/ErikAPIdummy/gists{/gist_id}","starred_url":"https://api.github.com/users/ErikAPIdummy/starred{/owner}{/repo}","subscriptions_url":"https://api.github.com/users/ErikAPIdummy/subscriptions","organizations_url":"https://api.github.com/users/ErikAPIdummy/orgs","repos_url":"https://api.github.com/users/ErikAPIdummy/repos","events_url":"https://api.github.com/users/ErikAPIdummy/events{/privacy}","received_events_url":"https://api.github.com/users/ErikAPIdummy/received_events","type":"User","site_admin":false},"html_url":"https://github.com/ErikAPIdummy/Test-Repo2","description":"This is Data Driven Test Repo 2","fork":false,"url":"https://api.github.com/repos/ErikAPIdummy/Test-Repo2","forks_url":"https://api.github.com/repos/ErikAPIdummy/Test-Repo2/forks","keys_url":"https://api.github.com/repos/ErikAPIdummy/Test-Repo2/keys{/key_id}","collaborators_url":"https://api.github.com/repos/ErikAPIdummy/Test-Repo2/collaborators{/collaborator}","teams_url":"https://api.github.com/repos/ErikAPIdummy/Test-Repo2/teams","hooks_url":"https://api.github.com/repos/ErikAPIdummy/Test-Repo2/hooks","issue_events_url":"https://api.github.com/repos/ErikAPIdummy/Test-Repo2/issues/events{/number}","events_url":"https://api.github.com/repos/ErikAPIdummy/Test-Repo2/events","assignees_url":"https://api.github.com/repos/ErikAPIdummy/Test-Repo2/assignees{/user}","branches_url":"https://api.github.com/repos/ErikAPIdummy/Test-Repo2/branches{/branch}","tags_url":"https://api.github.com/repos/ErikAPIdummy/Test-Repo2/tags","blobs_url":"https://api.github.com/repos/ErikAPIdummy/Test-Repo2/git/blobs{/sha}","git_tags_url":"https://api.github.com/repos/ErikAPIdummy/Test-Repo2/git/tags{/sha}","git_refs_url":"https://api.github.com/repos/ErikAPIdummy/Test-Repo2/git/refs{/sha}","trees_url":"https://api.github.com/repos/ErikAPIdummy/Test-Repo2/git/trees{/sha}","statuses_url":"https://api.github.com/repos/ErikAPIdummy/Test-Repo2/statuses/{sha}","languages_url":"https://api.github.com/repos/ErikAPIdummy/Test-Repo2/languages","stargazers_url":"https://api.github.com/repos/ErikAPIdummy/Test-Repo2/stargazers","contributors_url":"https://api.github.com/repos/ErikAPIdummy/Test-Repo2/contributors","subscribers_url":"https://api.github.com/repos/ErikAPIdummy/Test-Repo2/subscribers","subscription_url":"https://api.github.com/repos/ErikAPIdummy/Test-Repo2/subscription","commits_url":"https://api.github.com/repos/ErikAPIdummy/Test-Repo2/commits{/sha}","git_commits_url":"https://api.github.com/repos/ErikAPIdummy/Test-Repo2/git/commits{/sha}","comments_url":"https://api.github.com/repos/ErikAPIdummy/Test-Repo2/comments{/number}","issue_comment_url":"https://api.github.com/repos/ErikAPIdummy/Test-Repo2/issues/comments{/number}","contents_url":"https://api.github.com/repos/ErikAPIdummy/Test-Repo2/contents/{+path}","compare_url":"https://api.github.com/repos/ErikAPIdummy/Test-Repo2/compare/{base}...{head}","merges_url":"https://api.github.com/repos/ErikAPIdummy/Test-Repo2/merges","archive_url":"https://api.github.com/repos/ErikAPIdummy/Test-Repo2/{archive_format}{/ref}","downloads_url":"https://api.github.com/repos/ErikAPIdummy/Test-Repo2/downloads","issues_url":"https://api.github.com/repos/ErikAPIdummy/Test-Repo2/issues{/number}","pulls_url":"https://api.github.com/repos/ErikAPIdummy/Test-Repo2/pulls{/number}","milestones_url":"https://api.github.com/repos/ErikAPIdummy/Test-Repo2/milestones{/number}","notifications_url":"https://api.github.com/repos/ErikAPIdummy/Test-Repo2/notifications{?since,all,participating}","labels_url":"https://api.github.com/repos/ErikAPIdummy/Test-Repo2/labels{/name}","releases_url":"https://api.github.com/repos/ErikAPIdummy/Test-Repo2/releases{/id}","deployments_url":"https://api.github.com/repos/ErikAPIdummy/Test-Repo2/deployments","created_at":"2024-05-29T18:10:22Z","updated_at":"2024-05-29T18:10:22Z","pushed_at":"2024-05-29T18:10:22Z","git_url":"git://github.com/ErikAPIdummy/Test-Repo2.git","ssh_url":"git@github.com:ErikAPIdummy/Test-Repo2.git","clone_url":"https://github.com/ErikAPIdummy/Test-Repo2.git","svn_url":"https://github.com/ErikAPIdummy/Test-Repo2","homepage":null,"size":0,"stargazers_count":0,"watchers_count":0,"language":null,"has_issues":true,"has_projects":true,"has_downloads":true,"has_wiki":true,"has_pages":false,"has_discussions":false,"forks_count":0,"mirror_url":null,"archived":false,"disabled":false,"open_issues_count":0,"license":null,"allow_forking":true,"is_template":false,"web_commit_signoff_required":false,"topics":[],"visibility":"public","forks":0,"open_issues":0,"watchers":0,"default_branch":"main","permissions":{"admin":true,"maintain":true,"push":true,"triage":true,"pull":true},"allow_squash_merge":true,"allow_merge_commit":true,"allow_rebase_merge":true,"allow_auto_merge":false,"delete_branch_on_merge":false,"allow_update_branch":false,"use_squash_pr_title_as_default":false,"squash_merge_commit_message":"COMMIT_MESSAGES","squash_merge_commit_title":"COMMIT_OR_PR_TITLE","merge_commit_message":"PR_TITLE","merge_commit_title":"MERGE_MESSAGE","network_count":0,"subscribers_count":0}
[main] INFO  commonUtils.RestLogger  - Status code verification is Done!
[main] INFO  commonUtils.RestLogger  - Actual Repo Name - Test-Repo2
[main] INFO  commonUtils.RestLogger  - Expected Repo Name - Test-Repo2
[main] INFO  commonUtils.RestLogger  - Actual Repo Description - This is Data Driven Test Repo 2
[main] INFO  commonUtils.RestLogger  - Expected Repo Description - This is Data Driven Test Repo 2
[main] INFO  commonUtils.RestLogger  - XXXXXXXXXXXXXX            E--N--D         XXXXXXXXXXXXXX
[main] INFO  commonUtils.RestLogger  - XXXXXXXXXXXXXX*************************************XXXXXXXXXXXXXX
[main] INFO  commonUtils.RestLogger  - XXXXXXXXXXXXXX*************************************XXXXXXXXXXXXXX
[main] INFO  commonUtils.RestLogger  - X
[main] INFO  commonUtils.RestLogger  - X
[main] INFO  commonUtils.RestLogger  - X
[main] INFO  commonUtils.RestLogger  - ********************************************************************************
[main] INFO  commonUtils.RestLogger  - ********************************************************************************
[main] INFO  commonUtils.RestLogger  - $$$$$$$$$$$$$$$$$$$$$$        Verify Create Repo API       $$$$$$$$$$$$$$$$$$$$$$$
[main] INFO  commonUtils.RestLogger  - ********************************************************************************
[main] INFO  commonUtils.RestLogger  - ********************************************************************************
[main] INFO  commonUtils.RestLogger  - Base URI is - https://api.github.com
[main] INFO  commonUtils.RestLogger  - Resource Path is - /user/repos
[main] INFO  commonUtils.RestLogger  - Request Payload is - {
  "name" : "Test-Repo3",
  "description" : "This is Data Driven Test Repo 3"
}
[main] INFO  commonUtils.RestLogger  - Response of Request is - {"id":807763780,"node_id":"R_kgDOMCV_RA","name":"Test-Repo3","full_name":"ErikAPIdummy/Test-Repo3","private":false,"owner":{"login":"ErikAPIdummy","id":166170004,"node_id":"U_kgDOCeeNlA","avatar_url":"https://avatars.githubusercontent.com/u/166170004?v=4","gravatar_id":"","url":"https://api.github.com/users/ErikAPIdummy","html_url":"https://github.com/ErikAPIdummy","followers_url":"https://api.github.com/users/ErikAPIdummy/followers","following_url":"https://api.github.com/users/ErikAPIdummy/following{/other_user}","gists_url":"https://api.github.com/users/ErikAPIdummy/gists{/gist_id}","starred_url":"https://api.github.com/users/ErikAPIdummy/starred{/owner}{/repo}","subscriptions_url":"https://api.github.com/users/ErikAPIdummy/subscriptions","organizations_url":"https://api.github.com/users/ErikAPIdummy/orgs","repos_url":"https://api.github.com/users/ErikAPIdummy/repos","events_url":"https://api.github.com/users/ErikAPIdummy/events{/privacy}","received_events_url":"https://api.github.com/users/ErikAPIdummy/received_events","type":"User","site_admin":false},"html_url":"https://github.com/ErikAPIdummy/Test-Repo3","description":"This is Data Driven Test Repo 3","fork":false,"url":"https://api.github.com/repos/ErikAPIdummy/Test-Repo3","forks_url":"https://api.github.com/repos/ErikAPIdummy/Test-Repo3/forks","keys_url":"https://api.github.com/repos/ErikAPIdummy/Test-Repo3/keys{/key_id}","collaborators_url":"https://api.github.com/repos/ErikAPIdummy/Test-Repo3/collaborators{/collaborator}","teams_url":"https://api.github.com/repos/ErikAPIdummy/Test-Repo3/teams","hooks_url":"https://api.github.com/repos/ErikAPIdummy/Test-Repo3/hooks","issue_events_url":"https://api.github.com/repos/ErikAPIdummy/Test-Repo3/issues/events{/number}","events_url":"https://api.github.com/repos/ErikAPIdummy/Test-Repo3/events","assignees_url":"https://api.github.com/repos/ErikAPIdummy/Test-Repo3/assignees{/user}","branches_url":"https://api.github.com/repos/ErikAPIdummy/Test-Repo3/branches{/branch}","tags_url":"https://api.github.com/repos/ErikAPIdummy/Test-Repo3/tags","blobs_url":"https://api.github.com/repos/ErikAPIdummy/Test-Repo3/git/blobs{/sha}","git_tags_url":"https://api.github.com/repos/ErikAPIdummy/Test-Repo3/git/tags{/sha}","git_refs_url":"https://api.github.com/repos/ErikAPIdummy/Test-Repo3/git/refs{/sha}","trees_url":"https://api.github.com/repos/ErikAPIdummy/Test-Repo3/git/trees{/sha}","statuses_url":"https://api.github.com/repos/ErikAPIdummy/Test-Repo3/statuses/{sha}","languages_url":"https://api.github.com/repos/ErikAPIdummy/Test-Repo3/languages","stargazers_url":"https://api.github.com/repos/ErikAPIdummy/Test-Repo3/stargazers","contributors_url":"https://api.github.com/repos/ErikAPIdummy/Test-Repo3/contributors","subscribers_url":"https://api.github.com/repos/ErikAPIdummy/Test-Repo3/subscribers","subscription_url":"https://api.github.com/repos/ErikAPIdummy/Test-Repo3/subscription","commits_url":"https://api.github.com/repos/ErikAPIdummy/Test-Repo3/commits{/sha}","git_commits_url":"https://api.github.com/repos/ErikAPIdummy/Test-Repo3/git/commits{/sha}","comments_url":"https://api.github.com/repos/ErikAPIdummy/Test-Repo3/comments{/number}","issue_comment_url":"https://api.github.com/repos/ErikAPIdummy/Test-Repo3/issues/comments{/number}","contents_url":"https://api.github.com/repos/ErikAPIdummy/Test-Repo3/contents/{+path}","compare_url":"https://api.github.com/repos/ErikAPIdummy/Test-Repo3/compare/{base}...{head}","merges_url":"https://api.github.com/repos/ErikAPIdummy/Test-Repo3/merges","archive_url":"https://api.github.com/repos/ErikAPIdummy/Test-Repo3/{archive_format}{/ref}","downloads_url":"https://api.github.com/repos/ErikAPIdummy/Test-Repo3/downloads","issues_url":"https://api.github.com/repos/ErikAPIdummy/Test-Repo3/issues{/number}","pulls_url":"https://api.github.com/repos/ErikAPIdummy/Test-Repo3/pulls{/number}","milestones_url":"https://api.github.com/repos/ErikAPIdummy/Test-Repo3/milestones{/number}","notifications_url":"https://api.github.com/repos/ErikAPIdummy/Test-Repo3/notifications{?since,all,participating}","labels_url":"https://api.github.com/repos/ErikAPIdummy/Test-Repo3/labels{/name}","releases_url":"https://api.github.com/repos/ErikAPIdummy/Test-Repo3/releases{/id}","deployments_url":"https://api.github.com/repos/ErikAPIdummy/Test-Repo3/deployments","created_at":"2024-05-29T18:10:24Z","updated_at":"2024-05-29T18:10:24Z","pushed_at":"2024-05-29T18:10:24Z","git_url":"git://github.com/ErikAPIdummy/Test-Repo3.git","ssh_url":"git@github.com:ErikAPIdummy/Test-Repo3.git","clone_url":"https://github.com/ErikAPIdummy/Test-Repo3.git","svn_url":"https://github.com/ErikAPIdummy/Test-Repo3","homepage":null,"size":0,"stargazers_count":0,"watchers_count":0,"language":null,"has_issues":true,"has_projects":true,"has_downloads":true,"has_wiki":true,"has_pages":false,"has_discussions":false,"forks_count":0,"mirror_url":null,"archived":false,"disabled":false,"open_issues_count":0,"license":null,"allow_forking":true,"is_template":false,"web_commit_signoff_required":false,"topics":[],"visibility":"public","forks":0,"open_issues":0,"watchers":0,"default_branch":"main","permissions":{"admin":true,"maintain":true,"push":true,"triage":true,"pull":true},"allow_squash_merge":true,"allow_merge_commit":true,"allow_rebase_merge":true,"allow_auto_merge":false,"delete_branch_on_merge":false,"allow_update_branch":false,"use_squash_pr_title_as_default":false,"squash_merge_commit_message":"COMMIT_MESSAGES","squash_merge_commit_title":"COMMIT_OR_PR_TITLE","merge_commit_message":"PR_TITLE","merge_commit_title":"MERGE_MESSAGE","network_count":0,"subscribers_count":0}
[main] INFO  commonUtils.RestLogger  - Status code verification is Done!
[main] INFO  commonUtils.RestLogger  - Actual Repo Name - Test-Repo3
[main] INFO  commonUtils.RestLogger  - Expected Repo Name - Test-Repo3
[main] INFO  commonUtils.RestLogger  - Actual Repo Description - This is Data Driven Test Repo 3
[main] INFO  commonUtils.RestLogger  - Expected Repo Description - This is Data Driven Test Repo 3
[main] INFO  commonUtils.RestLogger  - XXXXXXXXXXXXXX            E--N--D         XXXXXXXXXXXXXX
[main] INFO  commonUtils.RestLogger  - XXXXXXXXXXXXXX*************************************XXXXXXXXXXXXXX
[main] INFO  commonUtils.RestLogger  - XXXXXXXXXXXXXX*************************************XXXXXXXXXXXXXX
[main] INFO  commonUtils.RestLogger  - X
[main] INFO  commonUtils.RestLogger  - X
[main] INFO  commonUtils.RestLogger  - X
[main] INFO  commonUtils.RestLogger  - ********************************************************************************
[main] INFO  commonUtils.RestLogger  - ********************************************************************************
[main] INFO  commonUtils.RestLogger  - $$$$$$$$$$$$$$$$$$$$$$        Verify Delete Repo API       $$$$$$$$$$$$$$$$$$$$$$$
[main] INFO  commonUtils.RestLogger  - ********************************************************************************
[main] INFO  commonUtils.RestLogger  - ********************************************************************************
[main] INFO  commonUtils.RestLogger  - Delete URI is - https://api.github.com/repos/ErikAPIdummy/Test-Repo1
[main] INFO  commonUtils.RestLogger  - Delete Request Status code - 204
[main] INFO  commonUtils.RestLogger  - Status code verification is Done!
[main] INFO  commonUtils.RestLogger  - XXXXXXXXXXXXXX            E--N--D         XXXXXXXXXXXXXX
[main] INFO  commonUtils.RestLogger  - XXXXXXXXXXXXXX*************************************XXXXXXXXXXXXXX
[main] INFO  commonUtils.RestLogger  - XXXXXXXXXXXXXX*************************************XXXXXXXXXXXXXX
[main] INFO  commonUtils.RestLogger  - X
[main] INFO  commonUtils.RestLogger  - X
[main] INFO  commonUtils.RestLogger  - X
[main] INFO  commonUtils.RestLogger  - ********************************************************************************
[main] INFO  commonUtils.RestLogger  - ********************************************************************************
[main] INFO  commonUtils.RestLogger  - $$$$$$$$$$$$$$$$$$$$$$        Verify Delete Repo API       $$$$$$$$$$$$$$$$$$$$$$$
[main] INFO  commonUtils.RestLogger  - ********************************************************************************
[main] INFO  commonUtils.RestLogger  - ********************************************************************************
[main] INFO  commonUtils.RestLogger  - Delete URI is - https://api.github.com/repos/ErikAPIdummy/Test-Repo2
[main] INFO  commonUtils.RestLogger  - Delete Request Status code - 204
[main] INFO  commonUtils.RestLogger  - Status code verification is Done!
[main] INFO  commonUtils.RestLogger  - XXXXXXXXXXXXXX            E--N--D         XXXXXXXXXXXXXX
[main] INFO  commonUtils.RestLogger  - XXXXXXXXXXXXXX*************************************XXXXXXXXXXXXXX
[main] INFO  commonUtils.RestLogger  - XXXXXXXXXXXXXX*************************************XXXXXXXXXXXXXX
[main] INFO  commonUtils.RestLogger  - X
[main] INFO  commonUtils.RestLogger  - X
[main] INFO  commonUtils.RestLogger  - X
[main] INFO  commonUtils.RestLogger  - ********************************************************************************
[main] INFO  commonUtils.RestLogger  - ********************************************************************************
[main] INFO  commonUtils.RestLogger  - $$$$$$$$$$$$$$$$$$$$$$        Verify Delete Repo API       $$$$$$$$$$$$$$$$$$$$$$$
[main] INFO  commonUtils.RestLogger  - ********************************************************************************
[main] INFO  commonUtils.RestLogger  - ********************************************************************************
[main] INFO  commonUtils.RestLogger  - Delete URI is - https://api.github.com/repos/ErikAPIdummy/Test-Repo3
[main] INFO  commonUtils.RestLogger  - Delete Request Status code - 204
[main] INFO  commonUtils.RestLogger  - Status code verification is Done!
[main] INFO  commonUtils.RestLogger  - XXXXXXXXXXXXXX            E--N--D         XXXXXXXXXXXXXX
[main] INFO  commonUtils.RestLogger  - XXXXXXXXXXXXXX*************************************XXXXXXXXXXXXXX
[main] INFO  commonUtils.RestLogger  - XXXXXXXXXXXXXX*************************************XXXXXXXXXXXXXX
[main] INFO  commonUtils.RestLogger  - X
[main] INFO  commonUtils.RestLogger  - X
[main] INFO  commonUtils.RestLogger  - X
